-- The C compiler identification is GNU 13.2.0
-- The CXX compiler identification is GNU 13.2.0
-- Detecting C compiler ABI info
-- Detecting C compiler ABI info - done
-- Check for working C compiler: /usr/bin/cc - skipped
-- Detecting C compile features
-- Detecting C compile features - done
-- Detecting CXX compiler ABI info
-- Detecting CXX compiler ABI info - done
-- Check for working CXX compiler: /usr/bin/c++ - skipped
-- Detecting CXX compile features
-- Detecting CXX compile features - done
-- Found ament_cmake: 2.5.2 (/opt/ros/jazzy/share/ament_cmake/cmake)
-- Found Python3: /usr/bin/python3 (found version "3.12.3") found components: Interpreter 
-- Override CMake install command with custom implementation using symlinks instead of copying resources
-- Found ament_lint_auto: 0.17.1 (/opt/ros/jazzy/share/ament_lint_auto/cmake)
-- Added test 'copyright' to check source files copyright and LICENSE
-- Added test 'cppcheck' to perform static code analysis on C / C++ code
-- Configured cppcheck include dirs: 
-- Configured cppcheck exclude dirs and/or files: 
-- Added test 'cpplint' to check C / C++ code against the Google style
-- Configured cpplint exclude dirs and/or files: 
-- Added test 'flake8' to check Python code syntax and style conventions
-- Configured 'flake8' exclude dirs and/or files: 
-- Added test 'lint_cmake' to check CMake code style
-- Added test 'pep257' to check Python code against some of the docstring style conventions in PEP 257
-- Added test 'uncrustify' to check C / C++ code style
-- Configured uncrustify additional arguments: 
-- Added test 'xmllint' to check XML markup files
-- Configuring done (1.8s)
-- Generating done (0.0s)
-- Build files have been written to: /home/sandy/Downloads/gamefield/build/my_gamefield
-- Install configuration: ""
-- Execute custom install script
-- Symlinking: /home/sandy/Downloads/gamefield/install/my_gamefield/share/my_gamefield/config/empty.yaml
-- Symlinking: /home/sandy/Downloads/gamefield/install/my_gamefield/share/my_gamefield/description/robot.urdf.xacro
-- Symlinking: /home/sandy/Downloads/gamefield/install/my_gamefield/share/my_gamefield/description/robot_model.xacro
-- Symlinking: /home/sandy/Downloads/gamefield/install/my_gamefield/share/my_gamefield/launch/rsp.launch.py
-- Symlinking: /home/sandy/Downloads/gamefield/install/my_gamefield/share/my_gamefield/worlds/empty.world
-- Symlinking: /home/sandy/Downloads/gamefield/install/my_gamefield/share/my_gamefield/meshes/Area-1slope.STL
-- Symlinking: /home/sandy/Downloads/gamefield/install/my_gamefield/share/my_gamefield/meshes/Area-3Slope.STL
-- Symlinking: /home/sandy/Downloads/gamefield/install/my_gamefield/share/my_gamefield/meshes/Assemball.STL
-- Symlinking: /home/sandy/Downloads/gamefield/install/my_gamefield/share/my_gamefield/meshes/Gamefield.STL
-- Symlinking: /home/sandy/Downloads/gamefield/install/my_gamefield/share/my_gamefield/meshes/Seedling_assembly.STL
-- Symlinking: /home/sandy/Downloads/gamefield/install/my_gamefield/share/my_gamefield/meshes/Silo.STL
-- Symlinking: /home/sandy/Downloads/gamefield/install/my_gamefield/share/my_gamefield/meshes/silo_Assem.STL
-- Symlinking: /home/sandy/Downloads/gamefield/install/my_gamefield/share/ament_index/resource_index/package_run_dependencies/my_gamefield
-- Symlinking: /home/sandy/Downloads/gamefield/install/my_gamefield/share/ament_index/resource_index/parent_prefix_path/my_gamefield
-- Symlinking: /home/sandy/Downloads/gamefield/install/my_gamefield/share/my_gamefield/environment/ament_prefix_path.sh
-- Symlinking: /home/sandy/Downloads/gamefield/install/my_gamefield/share/my_gamefield/environment/ament_prefix_path.dsv
-- Symlinking: /home/sandy/Downloads/gamefield/install/my_gamefield/share/my_gamefield/environment/path.sh
-- Symlinking: /home/sandy/Downloads/gamefield/install/my_gamefield/share/my_gamefield/environment/path.dsv
-- Symlinking: /home/sandy/Downloads/gamefield/install/my_gamefield/share/my_gamefield/local_setup.bash
-- Symlinking: /home/sandy/Downloads/gamefield/install/my_gamefield/share/my_gamefield/local_setup.sh
-- Symlinking: /home/sandy/Downloads/gamefield/install/my_gamefield/share/my_gamefield/local_setup.zsh
-- Symlinking: /home/sandy/Downloads/gamefield/install/my_gamefield/share/my_gamefield/local_setup.dsv
-- Symlinking: /home/sandy/Downloads/gamefield/install/my_gamefield/share/my_gamefield/package.dsv
-- Symlinking: /home/sandy/Downloads/gamefield/install/my_gamefield/share/ament_index/resource_index/packages/my_gamefield
-- Symlinking: /home/sandy/Downloads/gamefield/install/my_gamefield/share/my_gamefield/cmake/my_gamefieldConfig.cmake
-- Symlinking: /home/sandy/Downloads/gamefield/install/my_gamefield/share/my_gamefield/cmake/my_gamefieldConfig-version.cmake
-- Symlinking: /home/sandy/Downloads/gamefield/install/my_gamefield/share/my_gamefield/package.xml
