[0.010s] Invoking command in '/home/sandy/Downloads/gamefield/build/my_gamefield': CMAKE_PREFIX_PATH=${CMAKE_PREFIX_PATH}:/opt/ros/jazzy /usr/bin/cmake /home/sandy/Downloads/gamefield/src/my_gamefield -DAMENT_CMAKE_SYMLINK_INSTALL=1 -DCMAKE_INSTALL_PREFIX=/home/sandy/Downloads/gamefield/install/my_gamefield
[0.078s] -- The C compiler identification is GNU 13.2.0
[0.365s] -- The CXX compiler identification is GNU 13.2.0
[0.396s] -- Detecting C compiler ABI info
[1.149s] -- Detecting C compiler ABI info - done
[1.170s] -- Check for working C compiler: /usr/bin/cc - skipped
[1.170s] -- Detecting C compile features
[1.171s] -- Detecting C compile features - done
[1.191s] -- Detecting CXX compiler ABI info
[1.377s] -- Detecting CXX compiler ABI info - done
[1.393s] -- Check for working CXX compiler: /usr/bin/c++ - skipped
[1.393s] -- Detecting CXX compile features
[1.396s] -- Detecting CXX compile features - done
[1.397s] -- Found ament_cmake: 2.5.2 (/opt/ros/jazzy/share/ament_cmake/cmake)
[1.578s] -- Found Python3: /usr/bin/python3 (found version "3.12.3") found components: Interpreter 
[1.659s] -- Override CMake install command with custom implementation using symlinks instead of copying resources
[1.690s] -- Found ament_lint_auto: 0.17.1 (/opt/ros/jazzy/share/ament_lint_auto/cmake)
[1.821s] -- Added test 'copyright' to check source files copyright and LICENSE
[1.827s] -- Added test 'cppcheck' to perform static code analysis on C / C++ code
[1.827s] -- Configured cppcheck include dirs: 
[1.827s] -- Configured cppcheck exclude dirs and/or files: 
[1.833s] -- Added test 'cpplint' to check C / C++ code against the Google style
[1.833s] -- Configured cpplint exclude dirs and/or files: 
[1.835s] -- Added test 'flake8' to check Python code syntax and style conventions
[1.835s] -- Configured 'flake8' exclude dirs and/or files: 
[1.837s] -- Added test 'lint_cmake' to check CMake code style
[1.838s] -- Added test 'pep257' to check Python code against some of the docstring style conventions in PEP 257
[1.844s] -- Added test 'uncrustify' to check C / C++ code style
[1.844s] -- Configured uncrustify additional arguments: 
[1.846s] -- Added test 'xmllint' to check XML markup files
[1.848s] -- Configuring done (1.8s)
[1.852s] -- Generating done (0.0s)
[1.853s] -- Build files have been written to: /home/sandy/Downloads/gamefield/build/my_gamefield
[1.857s] Invoked command in '/home/sandy/Downloads/gamefield/build/my_gamefield' returned '0': CMAKE_PREFIX_PATH=${CMAKE_PREFIX_PATH}:/opt/ros/jazzy /usr/bin/cmake /home/sandy/Downloads/gamefield/src/my_gamefield -DAMENT_CMAKE_SYMLINK_INSTALL=1 -DCMAKE_INSTALL_PREFIX=/home/sandy/Downloads/gamefield/install/my_gamefield
[1.859s] Invoking command in '/home/sandy/Downloads/gamefield/build/my_gamefield': CMAKE_PREFIX_PATH=${CMAKE_PREFIX_PATH}:/opt/ros/jazzy /usr/bin/cmake --build /home/sandy/Downloads/gamefield/build/my_gamefield -- -j8 -l8
[1.919s] Invoked command in '/home/sandy/Downloads/gamefield/build/my_gamefield' returned '0': CMAKE_PREFIX_PATH=${CMAKE_PREFIX_PATH}:/opt/ros/jazzy /usr/bin/cmake --build /home/sandy/Downloads/gamefield/build/my_gamefield -- -j8 -l8
[1.974s] Invoking command in '/home/sandy/Downloads/gamefield/build/my_gamefield': CMAKE_PREFIX_PATH=${CMAKE_PREFIX_PATH}:/opt/ros/jazzy /usr/bin/cmake --install /home/sandy/Downloads/gamefield/build/my_gamefield
[1.991s] -- Install configuration: ""
[1.992s] -- Execute custom install script
[1.993s] -- Symlinking: /home/sandy/Downloads/gamefield/install/my_gamefield/share/my_gamefield/config/empty.yaml
[2.010s] -- Symlinking: /home/sandy/Downloads/gamefield/install/my_gamefield/share/my_gamefield/description/robot.urdf.xacro
[2.026s] -- Symlinking: /home/sandy/Downloads/gamefield/install/my_gamefield/share/my_gamefield/description/robot_model.xacro
[2.039s] -- Symlinking: /home/sandy/Downloads/gamefield/install/my_gamefield/share/my_gamefield/launch/rsp.launch.py
[2.049s] -- Symlinking: /home/sandy/Downloads/gamefield/install/my_gamefield/share/my_gamefield/worlds/empty.world
[2.058s] -- Symlinking: /home/sandy/Downloads/gamefield/install/my_gamefield/share/my_gamefield/meshes/Area-1slope.STL
[2.067s] -- Symlinking: /home/sandy/Downloads/gamefield/install/my_gamefield/share/my_gamefield/meshes/Area-3Slope.STL
[2.077s] -- Symlinking: /home/sandy/Downloads/gamefield/install/my_gamefield/share/my_gamefield/meshes/Assemball.STL
[2.087s] -- Symlinking: /home/sandy/Downloads/gamefield/install/my_gamefield/share/my_gamefield/meshes/Gamefield.STL
[2.096s] -- Symlinking: /home/sandy/Downloads/gamefield/install/my_gamefield/share/my_gamefield/meshes/Seedling_assembly.STL
[2.107s] -- Symlinking: /home/sandy/Downloads/gamefield/install/my_gamefield/share/my_gamefield/meshes/Silo.STL
[2.120s] -- Symlinking: /home/sandy/Downloads/gamefield/install/my_gamefield/share/my_gamefield/meshes/silo_Assem.STL
[2.137s] -- Symlinking: /home/sandy/Downloads/gamefield/install/my_gamefield/share/ament_index/resource_index/package_run_dependencies/my_gamefield
[2.151s] -- Symlinking: /home/sandy/Downloads/gamefield/install/my_gamefield/share/ament_index/resource_index/parent_prefix_path/my_gamefield
[2.164s] -- Symlinking: /home/sandy/Downloads/gamefield/install/my_gamefield/share/my_gamefield/environment/ament_prefix_path.sh
[2.183s] -- Symlinking: /home/sandy/Downloads/gamefield/install/my_gamefield/share/my_gamefield/environment/ament_prefix_path.dsv
[2.197s] -- Symlinking: /home/sandy/Downloads/gamefield/install/my_gamefield/share/my_gamefield/environment/path.sh
[2.209s] -- Symlinking: /home/sandy/Downloads/gamefield/install/my_gamefield/share/my_gamefield/environment/path.dsv
[2.225s] -- Symlinking: /home/sandy/Downloads/gamefield/install/my_gamefield/share/my_gamefield/local_setup.bash
[2.238s] -- Symlinking: /home/sandy/Downloads/gamefield/install/my_gamefield/share/my_gamefield/local_setup.sh
[2.249s] -- Symlinking: /home/sandy/Downloads/gamefield/install/my_gamefield/share/my_gamefield/local_setup.zsh
[2.258s] -- Symlinking: /home/sandy/Downloads/gamefield/install/my_gamefield/share/my_gamefield/local_setup.dsv
[2.269s] -- Symlinking: /home/sandy/Downloads/gamefield/install/my_gamefield/share/my_gamefield/package.dsv
[2.282s] -- Symlinking: /home/sandy/Downloads/gamefield/install/my_gamefield/share/ament_index/resource_index/packages/my_gamefield
[2.293s] -- Symlinking: /home/sandy/Downloads/gamefield/install/my_gamefield/share/my_gamefield/cmake/my_gamefieldConfig.cmake
[2.302s] -- Symlinking: /home/sandy/Downloads/gamefield/install/my_gamefield/share/my_gamefield/cmake/my_gamefieldConfig-version.cmake
[2.311s] -- Symlinking: /home/sandy/Downloads/gamefield/install/my_gamefield/share/my_gamefield/package.xml
[2.322s] Invoked command in '/home/sandy/Downloads/gamefield/build/my_gamefield' returned '0': CMAKE_PREFIX_PATH=${CMAKE_PREFIX_PATH}:/opt/ros/jazzy /usr/bin/cmake --install /home/sandy/Downloads/gamefield/build/my_gamefield
